2021-12-15 18:53:55,839 [ERROR] Internal Server Error: /article
Traceback (most recent call last):
  File "C:\Users\USER\anaconda3\envs\django_youtubetext\lib\site-packages\django\core\handlers\exception.py", line 34, in inner
    response = get_response(request)
  File "C:\Users\USER\anaconda3\envs\django_youtubetext\lib\site-packages\django\core\handlers\base.py", line 115, in _get_response
    response = self.process_exception_by_middleware(e, request)
  File "C:\Users\USER\anaconda3\envs\django_youtubetext\lib\site-packages\django\core\handlers\base.py", line 113, in _get_response
    response = wrapped_callback(request, *callback_args, **callback_kwargs)
  File "C:\Users\USER\anaconda3\envs\django_youtubetext\lib\site-packages\django\views\generic\base.py", line 71, in view
    return self.dispatch(request, *args, **kwargs)
  File "C:\Users\USER\anaconda3\envs\django_youtubetext\lib\site-packages\django\views\generic\base.py", line 97, in dispatch
    return handler(request, *args, **kwargs)
  File "C:\Django\CodeOfLocal\blog\views.py", line 126, in get
    blog = BlogPost.objects.get(pk=blog_pk)
  File "C:\Users\USER\anaconda3\envs\django_youtubetext\lib\site-packages\django\db\models\manager.py", line 82, in manager_method
    return getattr(self.get_queryset(), name)(*args, **kwargs)
  File "C:\Users\USER\anaconda3\envs\django_youtubetext\lib\site-packages\django\db\models\query.py", line 408, in get
    self.model._meta.object_name
blog.models.BlogPost.DoesNotExist: BlogPost matching query does not exist.
2021-12-15 18:53:55,849 [ERROR] "GET /article HTTP/1.1" 500 89761
2021-12-15 18:54:51,901 [WARNING] Not Found: /accounts/login/
2021-12-15 18:54:51,903 [WARNING] "GET /accounts/login/?next=/blog HTTP/1.1" 404 4904
2021-12-15 19:13:09,603 [WARNING] Not Found: /
2021-12-15 19:13:09,605 [WARNING] "GET / HTTP/1.1" 404 4835
2021-12-15 19:13:11,156 [WARNING] Not Found: /
2021-12-15 19:13:11,160 [WARNING] "GET / HTTP/1.1" 404 4835
2021-12-15 19:13:29,282 [WARNING] Not Found: /
2021-12-15 19:13:29,283 [WARNING] "GET / HTTP/1.1" 404 4835
2021-12-15 19:18:20,610 [WARNING] Not Found: /
2021-12-15 19:18:20,612 [WARNING] "GET / HTTP/1.1" 404 4835
2021-12-15 19:19:49,235 [WARNING] Not Found: /accounts/login/
2021-12-15 19:19:49,237 [WARNING] "GET /accounts/login/?next=/login HTTP/1.1" 404 4910
2021-12-15 19:19:58,401 [WARNING] Not Found: /accounts/login/
2021-12-15 19:19:58,403 [WARNING] "GET /accounts/login/?next=/login HTTP/1.1" 404 4910
2021-12-15 19:20:08,019 [WARNING] Not Found: /accounts/login/
2021-12-15 19:20:08,021 [WARNING] "GET /accounts/login/?next=/login HTTP/1.1" 404 4910
2021-12-15 19:20:27,446 [WARNING] Not Found: /accounts/login/
2021-12-15 19:20:27,448 [WARNING] "GET /accounts/login/?next=/signup/ HTTP/1.1" 404 4912
2021-12-15 19:20:55,880 [WARNING] Not Found: /accounts/login/
2021-12-15 19:20:55,881 [WARNING] "GET /accounts/login/?next=/blog HTTP/1.1" 404 4909
2021-12-15 19:21:54,678 [WARNING] Not Found: /index
2021-12-15 19:21:54,680 [WARNING] "GET /index HTTP/1.1" 404 4868
